<?xml version="1.0" encoding="utf-8"?><testsuites name="pytest tests"><testsuite name="pytest" errors="0" failures="0" skipped="0" tests="13" time="5.362" timestamp="2026-03-27T19:24:42.657908+00:00" hostname="agent-env-8300c146-a21c-434f-9b79-2763ec0c5e80"><testcase classname="backend.tests.test_sri_platform.TestHealthAndConfig" name="test_payment_config_returns_disabled" time="0.283" /><testcase classname="backend.tests.test_sri_platform.TestAuthFlow" name="test_login_investor_account" time="0.429" /><testcase classname="backend.tests.test_sri_platform.TestAuthFlow" name="test_login_founder_account" time="0.426" /><testcase classname="backend.tests.test_sri_platform.TestAuthFlow" name="test_login_invalid_credentials" time="0.159" /><testcase classname="backend.tests.test_sri_platform.TestEmailVerification" name="test_signup_creates_unverified_user" time="0.422" /><testcase classname="backend.tests.test_sri_platform.TestEmailVerification" name="test_verify_email_invalid_token" time="0.167" /><testcase classname="backend.tests.test_sri_platform.TestThesesAPI" name="test_list_theses_public" time="0.200" /><testcase classname="backend.tests.test_sri_platform.TestThesesAPI" name="test_thesis_model_has_video_and_pitch_deck_fields" time="0.696" /><testcase classname="backend.tests.test_sri_platform.TestDashboards" name="test_investor_dashboard" time="0.473" /><testcase classname="backend.tests.test_sri_platform.TestDashboards" name="test_business_dashboard" time="0.481" /><testcase classname="backend.tests.test_sri_platform.TestCompaniesAPI" name="test_list_my_companies" time="0.473" /><testcase classname="backend.tests.test_sri_platform.TestPaymentsAPI" name="test_create_order_fails_when_disabled" time="0.530" /><testcase classname="backend.tests.test_sri_platform.TestNotifications" name="test_get_my_notifications" time="0.546" /></testsuite></testsuites>